[20:55:51] Monitor started
[20:55:51] Steam process detected!
[20:55:53] Settings loaded: auto_launch=False
[20:55:53] Auto-launch disabled in settings, skipping launch
[20:56:29] Monitor started
[20:56:29] Steam process detected!
[20:56:31] Settings loaded: auto_launch=True
[20:56:31] Error checking SteamScout: can only join an iterable
[20:56:31] Launching SteamScout...
[20:56:31] Launching: C:\Users\GGPC\Documents\SteamScout\run.bat
[20:56:31] SteamScout launched successfully
[20:58:39] Steam process ended
[20:58:39] Steam process ended
[20:58:46] Steam process detected!
[20:58:48] Settings loaded: auto_launch=True
[20:58:48] Error checking SteamScout: can only join an iterable
[20:58:48] Launching SteamScout...
[20:58:48] Launching: C:\Users\GGPC\Documents\SteamScout\run.bat
[20:58:48] SteamScout launched successfully
[20:58:49] Steam process detected!
[20:58:51] Settings loaded: auto_launch=True
[20:58:51] Error checking SteamScout: can only join an iterable
[20:58:51] Launching SteamScout...
[20:58:51] Launching: C:\Users\GGPC\Documents\SteamScout\run.bat
[20:58:51] SteamScout launched successfully
[20:59:30] Steam process ended
[20:59:31] Steam process ended
[20:59:40] Steam process detected!
[20:59:40] Steam process detected!
[20:59:42] Settings loaded: auto_launch=False
[20:59:42] Auto-launch disabled in settings, skipping launch
[20:59:42] Settings loaded: auto_launch=False
[20:59:42] Auto-launch disabled in settings, skipping launch
[21:01:18] Steam process ended
[21:01:18] Steam process ended
[21:01:20] Steam process detected!
[21:01:20] Steam process detected!
[21:01:22] Settings loaded: auto_launch=True
[21:01:22] Error checking SteamScout: can only join an iterable
[21:01:22] Launching SteamScout...
[21:01:22] Launching: C:\Users\GGPC\Documents\SteamScout\run.bat
[21:01:22] SteamScout launched successfully
[21:01:22] Settings loaded: auto_launch=True
[21:01:23] Error checking SteamScout: can only join an iterable
[21:01:23] Launching SteamScout...
[21:01:23] Launching: C:\Users\GGPC\Documents\SteamScout\run.bat
[21:01:23] SteamScout launched successfully
